c:\users\chris\source\repos\opengl\opengl\opengl\debug\vc140.pdb
c:\users\chris\source\repos\opengl\opengl\opengl\debug\vc140.idb
c:\users\chris\source\repos\opengl\opengl\opengl\debug\opengl.obj
c:\users\chris\source\repos\opengl\opengl\opengl\debug\openglwindow.obj
c:\users\chris\source\repos\opengl\opengl\debug\opengl.pdb
c:\users\chris\source\repos\opengl\opengl\opengl\debug\opengl.tlog\cl.command.1.tlog
c:\users\chris\source\repos\opengl\opengl\opengl\debug\opengl.tlog\cl.read.1.tlog
c:\users\chris\source\repos\opengl\opengl\opengl\debug\opengl.tlog\cl.write.1.tlog
c:\users\chris\source\repos\opengl\opengl\opengl\debug\opengl.tlog\link-cvtres.read.1.tlog
c:\users\chris\source\repos\opengl\opengl\opengl\debug\opengl.tlog\link-cvtres.write.1.tlog
c:\users\chris\source\repos\opengl\opengl\opengl\debug\opengl.tlog\link-rc.read.1.tlog
c:\users\chris\source\repos\opengl\opengl\opengl\debug\opengl.tlog\link-rc.write.1.tlog
c:\users\chris\source\repos\opengl\opengl\opengl\debug\opengl.tlog\link.7632-cvtres.read.1.tlog
c:\users\chris\source\repos\opengl\opengl\opengl\debug\opengl.tlog\link.7632-cvtres.write.1.tlog
c:\users\chris\source\repos\opengl\opengl\opengl\debug\opengl.tlog\link.7632-rc.read.1.tlog
c:\users\chris\source\repos\opengl\opengl\opengl\debug\opengl.tlog\link.7632-rc.write.1.tlog
c:\users\chris\source\repos\opengl\opengl\opengl\debug\opengl.tlog\link.7632.read.1.tlog
c:\users\chris\source\repos\opengl\opengl\opengl\debug\opengl.tlog\link.7632.write.1.tlog
c:\users\chris\source\repos\opengl\opengl\opengl\debug\opengl.tlog\link.command.1.tlog
c:\users\chris\source\repos\opengl\opengl\opengl\debug\opengl.tlog\link.read.1.tlog
c:\users\chris\source\repos\opengl\opengl\opengl\debug\opengl.tlog\link.write.1.tlog
